[LOG] System::create                           : Header version = 2.01.11. Current version = 2.01.11.
[LOG] Manager::init                            : maxchannels = 256 studioflags = 00000006 flags 00000000 extradriverdata 0000000000000000.
[LOG] SystemI::init                            : Initialize version=20111 (118066), maxchannels=256, flags=0x00020000
[LOG] SystemI::setOutputInternal               : Setting output to 'FMOD WASAPI Output'
[LOG] OutputWASAPI::init                       : Mix Format (WAVEFORMATEX): wFormatTag=0xFFFE, nChannels=2, nSamplesPerSec=192000, nAvgBytesPerSec=1536000, nBlockAlign=8, wBitsPerSample=32, cbSize=22.
[LOG] OutputWASAPI::init                       : Mix Format (WAVEFORMATEXTENSIBLE): wValidBitsPerSample=32, dwChannelMask=0x00000003, SubFormat=00000003-0000-0010-8000-00AA00389B71.
[LOG] OutputWASAPI::init                       : Output buffer size: 16384 samples, latency: 0.00ms, period: 10.00ms, DSP buffer: 1024 * 4
[LOG] SystemI::init                            : Output requires a sample rate of 192000Hz, resampling will occur.
[LOG] Thread::initThread                       : Init FMOD stream thread. Affinity: 0x8000000000000003, Priority: 0xFFFF7FFB, Stack Size: 98304, Semaphore: No, Sleep Time: 10, Looping: Yes.
[LOG] Thread::initThread                       : Init FMOD mixer thread. Affinity: 0x8000000000000001, Priority: 0xFFFF7FFA, Stack Size: 81920, Semaphore: No, Sleep Time: 0, Looping: Yes.
[LOG] AsyncManager::init                       : manager 000001B0B08C99A8 isAsync 0 updatePeriod 0.02
[LOG] AsyncManager::init                       : done
[LOG] PlaybackSystem::init                     : 
[LOG] Thread::initThread                       : Init FMOD Studio sample load thread. Affinity: 0x8000000000000003, Priority: 0xFFFF7FFD, Stack Size: 98304, Semaphore: No, Sleep Time: 1, Looping: No.
[LOG] PlaybackSystem::init                     : done
[LOG] Thread::initThread                       : Init FMOD Studio bank load thread. Affinity: 0x8000000000000003, Priority: 0xFFFF7FFD, Stack Size: 98304, Semaphore: No, Sleep Time: 1, Looping: No.
[LOG] Manager::init                            : done.
[LOG] Manager::readBank                        : fileversion = 135, compatVersion = 132 (oldest = 44, newest = 135)
[LOG] Manager::readBank                        : fileversion = 135, compatVersion = 132 (oldest = 44, newest = 135)
[LOG] Manager::readBank                        : fileversion = 135, compatVersion = 132 (oldest = 44, newest = 135)
[LOG] PlaybackSystem::acquireMasterBus         : Setting master channel group format to 6
[LOG] SystemI::createSoundInternal             : Create name='', mode=0x02000202
[LOG] SystemI::createSoundInternal             : exinfo->cbsize             = 224
[LOG] SystemI::createSoundInternal             : exinfo->length             = 3087232
[LOG] SystemI::createSoundInternal             : exinfo->fileoffset         = 61728
[LOG] SystemI::createSoundInternal             : exinfo->numsubsounds       = 1
[LOG] SystemI::createSoundInternal             : exinfo->inclusionlist      = 00000052CA7FEEC8
[LOG] SystemI::createSoundInternal             : exinfo->inclusionlistnum   = 1
[LOG] SystemI::createSoundInternal             : exinfo->suggestedsoundtype = 5
[LOG] SystemI::createSoundInternal             : exinfo->useropen           = 00007FFBD56260E0
[LOG] SystemI::createSoundInternal             : exinfo->userclose          = 00007FFBD56260B0
[LOG] SystemI::createSoundInternal             : exinfo->userread           = 00007FFBD56261B0
[LOG] SystemI::createSoundInternal             : exinfo->userseek           = 00007FFBD5626270
[LOG] SystemI::createSoundInternal             : exinfo->fileuserdata       = 000001B0B298E528
[LOG] SystemI::createSoundInternal             : exinfo->initialseekpostype = 1
[LOG] SystemI::DSPCodecPoolRegister            : register codec pool for pool type 5
[LOG] SystemI::createSoundInternal             : Sample 0/1: name='flashlight', format=5, channels=2, frequency=48000, lengthbytes=5120, lengthpcm=27585, pcmblocksize=0, loopstart=0, loopend=0, mode=0x00000000, channelmask=0x00000000, channelorder=0, peakvolume=0.678955.
[LOG] SystemI::createSoundInternal             : Create name='', mode=0x02000202
[LOG] SystemI::createSoundInternal             : exinfo->cbsize             = 224
[LOG] SystemI::createSoundInternal             : exinfo->length             = 3087232
[LOG] SystemI::createSoundInternal             : exinfo->fileoffset         = 61728
[LOG] SystemI::createSoundInternal             : exinfo->numsubsounds       = 1
[LOG] SystemI::createSoundInternal             : exinfo->inclusionlist      = 00000052CA7FEEC8
[LOG] SystemI::createSoundInternal             : exinfo->inclusionlistnum   = 1
[LOG] SystemI::createSoundInternal             : exinfo->suggestedsoundtype = 5
[LOG] SystemI::createSoundInternal             : exinfo->useropen           = 00007FFBD56260E0
[LOG] SystemI::createSoundInternal             : exinfo->userclose          = 00007FFBD56260B0
[LOG] SystemI::createSoundInternal             : exinfo->userread           = 00007FFBD56261B0
[LOG] SystemI::createSoundInternal             : exinfo->userseek           = 00007FFBD5626270
[LOG] SystemI::createSoundInternal             : exinfo->fileuserdata       = 000001B1CC876A48
[LOG] SystemI::createSoundInternal             : exinfo->initialseekpostype = 1
[LOG] SystemI::DSPCodecPoolRegister            : register codec pool for pool type 5
[LOG] SystemI::createSoundInternal             : Sample 0/1: name='Concrete4', format=5, channels=2, frequency=48000, lengthbytes=3360, lengthpcm=16300, pcmblocksize=0, loopstart=0, loopend=0, mode=0x00000000, channelmask=0x00000000, channelorder=0, peakvolume=0.340942.
[LOG] SystemI::createSoundInternal             : Create name='', mode=0x02000202
[LOG] SystemI::createSoundInternal             : exinfo->cbsize             = 224
[LOG] SystemI::createSoundInternal             : exinfo->length             = 3087232
[LOG] SystemI::createSoundInternal             : exinfo->fileoffset         = 61728
[LOG] SystemI::createSoundInternal             : exinfo->numsubsounds       = 1
[LOG] SystemI::createSoundInternal             : exinfo->inclusionlist      = 00000052CA7FEEC8
[LOG] SystemI::createSoundInternal             : exinfo->inclusionlistnum   = 1
[LOG] SystemI::createSoundInternal             : exinfo->suggestedsoundtype = 5
[LOG] SystemI::createSoundInternal             : exinfo->useropen           = 00007FFBD56260E0
[LOG] SystemI::createSoundInternal             : exinfo->userclose          = 00007FFBD56260B0
[LOG] SystemI::createSoundInternal             : exinfo->userread           = 00007FFBD56261B0
[LOG] SystemI::createSoundInternal             : exinfo->userseek           = 00007FFBD5626270
[LOG] SystemI::createSoundInternal             : exinfo->fileuserdata       = 000001B1CC876A48
[LOG] SystemI::createSoundInternal             : exinfo->initialseekpostype = 1
[LOG] SystemI::DSPCodecPoolRegister            : register codec pool for pool type 5
[LOG] SystemI::createSoundInternal             : Sample 0/1: name='Concrete3', format=5, channels=2, frequency=48000, lengthbytes=4352, lengthpcm=21315, pcmblocksize=0, loopstart=0, loopend=0, mode=0x00000000, channelmask=0x00000000, channelorder=0, peakvolume=0.231445.
[LOG] SystemI::createSoundInternal             : Create name='', mode=0x02000202
[LOG] SystemI::createSoundInternal             : exinfo->cbsize             = 224
[LOG] SystemI::createSoundInternal             : exinfo->length             = 3087232
[LOG] SystemI::createSoundInternal             : exinfo->fileoffset         = 61728
[LOG] SystemI::createSoundInternal             : exinfo->numsubsounds       = 1
[LOG] SystemI::createSoundInternal             : exinfo->inclusionlist      = 00000052CA7FEEC8
[LOG] SystemI::createSoundInternal             : exinfo->inclusionlistnum   = 1
[LOG] SystemI::createSoundInternal             : exinfo->suggestedsoundtype = 5
[LOG] SystemI::createSoundInternal             : exinfo->useropen           = 00007FFBD56260E0
[LOG] SystemI::createSoundInternal             : exinfo->userclose          = 00007FFBD56260B0
[LOG] SystemI::createSoundInternal             : exinfo->userread           = 00007FFBD56261B0
[LOG] SystemI::createSoundInternal             : exinfo->userseek           = 00007FFBD5626270
[LOG] SystemI::createSoundInternal             : exinfo->fileuserdata       = 000001B1CC876A48
[LOG] SystemI::createSoundInternal             : exinfo->initialseekpostype = 1
[LOG] SystemI::DSPCodecPoolRegister            : register codec pool for pool type 5
[LOG] SystemI::createSoundInternal             : Sample 0/1: name='Concrete1', format=5, channels=2, frequency=48000, lengthbytes=3488, lengthpcm=17554, pcmblocksize=0, loopstart=0, loopend=0, mode=0x00000000, channelmask=0x00000000, channelorder=0, peakvolume=0.944611.
[LOG] SystemI::createSoundInternal             : Create name='', mode=0x02000202
[LOG] SystemI::createSoundInternal             : exinfo->cbsize             = 224
[LOG] SystemI::createSoundInternal             : exinfo->length             = 3087232
[LOG] SystemI::createSoundInternal             : exinfo->fileoffset         = 61728
[LOG] SystemI::createSoundInternal             : exinfo->numsubsounds       = 1
[LOG] SystemI::createSoundInternal             : exinfo->inclusionlist      = 00000052CA7FEEC8
[LOG] SystemI::createSoundInternal             : exinfo->inclusionlistnum   = 1
[LOG] SystemI::createSoundInternal             : exinfo->suggestedsoundtype = 5
[LOG] SystemI::createSoundInternal             : exinfo->useropen           = 00007FFBD56260E0
[LOG] SystemI::createSoundInternal             : exinfo->userclose          = 00007FFBD56260B0
[LOG] SystemI::createSoundInternal             : exinfo->userread           = 00007FFBD56261B0
[LOG] SystemI::createSoundInternal             : exinfo->userseek           = 00007FFBD5626270
[LOG] SystemI::createSoundInternal             : exinfo->fileuserdata       = 000001B1CC876A48
[LOG] SystemI::createSoundInternal             : exinfo->initialseekpostype = 1
[LOG] SystemI::DSPCodecPoolRegister            : register codec pool for pool type 5
[LOG] SystemI::createSoundInternal             : Sample 0/1: name='Concrete2', format=5, channels=2, frequency=48000, lengthbytes=3744, lengthpcm=18808, pcmblocksize=0, loopstart=0, loopend=0, mode=0x00000000, channelmask=0x00000000, channelorder=0, peakvolume=0.250397.
[LOG] SystemI::createSoundInternal             : Create name='', mode=0x02000202
[LOG] SystemI::createSoundInternal             : exinfo->cbsize             = 224
[LOG] SystemI::createSoundInternal             : exinfo->length             = 3087232
[LOG] SystemI::createSoundInternal             : exinfo->fileoffset         = 61728
[LOG] SystemI::createSoundInternal             : exinfo->numsubsounds       = 1
[LOG] SystemI::createSoundInternal             : exinfo->inclusionlist      = 00000052CA7FEEC8
[LOG] SystemI::createSoundInternal             : exinfo->inclusionlistnum   = 1
[LOG] SystemI::createSoundInternal             : exinfo->suggestedsoundtype = 5
[LOG] SystemI::createSoundInternal             : exinfo->useropen           = 00007FFBD56260E0
[LOG] SystemI::createSoundInternal             : exinfo->userclose          = 00007FFBD56260B0
[LOG] SystemI::createSoundInternal             : exinfo->userread           = 00007FFBD56261B0
[LOG] SystemI::createSoundInternal             : exinfo->userseek           = 00007FFBD5626270
[LOG] SystemI::createSoundInternal             : exinfo->fileuserdata       = 000001B1CC876A48
[LOG] SystemI::createSoundInternal             : exinfo->initialseekpostype = 1
[LOG] SystemI::DSPCodecPoolRegister            : register codec pool for pool type 5
[LOG] SystemI::createSoundInternal             : Sample 0/1: name='Concrete5', format=5, channels=2, frequency=48000, lengthbytes=2784, lengthpcm=12538, pcmblocksize=0, loopstart=0, loopend=0, mode=0x00000000, channelmask=0x00000000, channelorder=0, peakvolume=0.292267.
[LOG] SystemI::createSound                     : filename = ../vimjam2Fmod/Fmod/Pool/Build/Desktop/Master.bank : mode 02010082
[LOG] SystemI::createSound                     : FMOD_NONBLOCKING specified.  Putting into queue to be opened asynchronously!
[LOG] SystemI::createSound                     : setdata soundi = 000001B0EC5DBD28 : node = 000001B1978C0950
[LOG] SystemI::createSound                     : add node to async list : head = 000001B0AD23C958.  list count = 0
[LOG] AsyncThread::threadFunc                  : Starting Asynchronous operation on sound 000001B0EC5DBD28
[LOG] SystemI::createSoundInternal             :     Create name='../vimjam2Fmod/Fmod/Pool/Build/Desktop/Master.bank', mode=0x02010082
[LOG] SystemI::createSoundInternal             :     exinfo->cbsize             = 224
[LOG] SystemI::createSoundInternal             :     exinfo->length             = 3087232
[LOG] SystemI::createSoundInternal             :     exinfo->fileoffset         = 61728
[LOG] SystemI::createSoundInternal             :     exinfo->numsubsounds       = 1
[LOG] SystemI::createSoundInternal             :     exinfo->inclusionlist      = 000001B1978C0A60
[LOG] SystemI::createSoundInternal             :     exinfo->inclusionlistnum   = 1
[LOG] SystemI::createSoundInternal             :     exinfo->suggestedsoundtype = 5
[LOG] SystemI::createSoundInternal             :     exinfo->initialseekposition = 34375
[LOG] SystemI::createSoundInternal             :     exinfo->initialseekpostype = 1
[LOG] SystemI::createSoundInternal             :     Stream 0/1: name='Walkie Talkie Radio Static _ HQ Sound Effects', format=5, channels=2, frequency=48000, lengthbytes=391328, lengthpcm=2452584, pcmblocksize=0, loopstart=0, loopend=0, mode=0x00000000, channelmask=0x00000000, channelorder=0, peakvolume=0.539459.
[LOG] AsyncThread::threadFunc                  : Finished Asynchronous operation on sound 000001B0EC5DBD28
[LOG] SoundI::release                          : Walkie Talkie Radio Static _ HQ Sound Effects (000001B16DFB59D8)
[LOG] SoundI::release                          :     Walkie Talkie Radio Static _ HQ Sound Effects (000001B196FBF0D8)
[LOG] SoundI::release                          :     Walkie Talkie Radio Static _ HQ Sound Effects (000001B16DFB2738)
[LOG] SystemI::createSoundInternal             : Create name='', mode=0x02000202
[LOG] SystemI::createSoundInternal             : exinfo->cbsize             = 224
[LOG] SystemI::createSoundInternal             : exinfo->length             = 3087232
[LOG] SystemI::createSoundInternal             : exinfo->fileoffset         = 61728
[LOG] SystemI::createSoundInternal             : exinfo->numsubsounds       = 1
[LOG] SystemI::createSoundInternal             : exinfo->inclusionlist      = 00000052CA7FEEC8
[LOG] SystemI::createSoundInternal             : exinfo->inclusionlistnum   = 1
[LOG] SystemI::createSoundInternal             : exinfo->suggestedsoundtype = 5
[LOG] SystemI::createSoundInternal             : exinfo->useropen           = 00007FFBD56260E0
[LOG] SystemI::createSoundInternal             : exinfo->userclose          = 00007FFBD56260B0
[LOG] SystemI::createSoundInternal             : exinfo->userread           = 00007FFBD56261B0
[LOG] SystemI::createSoundInternal             : exinfo->userseek           = 00007FFBD5626270
[LOG] SystemI::createSoundInternal             : exinfo->fileuserdata       = 000001B196E06F08
[LOG] SystemI::createSoundInternal             : exinfo->initialseekpostype = 1
[LOG] SystemI::DSPCodecPoolRegister            : register codec pool for pool type 5
[LOG] SystemI::createSoundInternal             : Sample 0/1: name='doorLocked', format=5, channels=2, frequency=48000, lengthbytes=4416, lengthpcm=27585, pcmblocksize=0, loopstart=0, loopend=0, mode=0x00000000, channelmask=0x00000000, channelorder=0, peakvolume=0.688202.
[LOG] SystemI::createSoundInternal             : Create name='', mode=0x02000202
[LOG] SystemI::createSoundInternal             : exinfo->cbsize             = 224
[LOG] SystemI::createSoundInternal             : exinfo->length             = 3087232
[LOG] SystemI::createSoundInternal             : exinfo->fileoffset         = 61728
[LOG] SystemI::createSoundInternal             : exinfo->numsubsounds       = 1
[LOG] SystemI::createSoundInternal             : exinfo->inclusionlist      = 00000052CA7FEEC8
[LOG] SystemI::createSoundInternal             : exinfo->inclusionlistnum   = 1
[LOG] SystemI::createSoundInternal             : exinfo->suggestedsoundtype = 5
[LOG] SystemI::createSoundInternal             : exinfo->useropen           = 00007FFBD56260E0
[LOG] SystemI::createSoundInternal             : exinfo->userclose          = 00007FFBD56260B0
[LOG] SystemI::createSoundInternal             : exinfo->userread           = 00007FFBD56261B0
[LOG] SystemI::createSoundInternal             : exinfo->userseek           = 00007FFBD5626270
[LOG] SystemI::createSoundInternal             : exinfo->fileuserdata       = 000001B0B298E528
[LOG] SystemI::createSoundInternal             : exinfo->initialseekpostype = 1
[LOG] SystemI::DSPCodecPoolRegister            : register codec pool for pool type 5
[LOG] SystemI::createSoundInternal             : Sample 0/1: name='dooropen', format=5, channels=2, frequency=48000, lengthbytes=11776, lengthpcm=51408, pcmblocksize=0, loopstart=0, loopend=0, mode=0x00000000, channelmask=0x00000000, channelorder=0, peakvolume=0.808716.
[LOG] SystemI::createSound                     : filename = ../vimjam2Fmod/Fmod/Pool/Build/Desktop/Master.bank : mode 02010082
[LOG] SystemI::createSound                     : FMOD_NONBLOCKING specified.  Putting into queue to be opened asynchronously!
[LOG] SystemI::createSound                     : setdata soundi = 000001B16DFB5828 : node = 000001B0B72E60A0
[LOG] SystemI::createSound                     : add node to async list : head = 000001B0AD23C958.  list count = 0
[LOG] AsyncThread::threadFunc                  : Starting Asynchronous operation on sound 000001B16DFB5828
[LOG] SystemI::createSoundInternal             :     Create name='../vimjam2Fmod/Fmod/Pool/Build/Desktop/Master.bank', mode=0x02010082
[LOG] SystemI::createSoundInternal             :     exinfo->cbsize             = 224
[LOG] SystemI::createSoundInternal             :     exinfo->length             = 3087232
[LOG] SystemI::createSoundInternal             :     exinfo->fileoffset         = 61728
[LOG] SystemI::createSoundInternal             :     exinfo->numsubsounds       = 1
[LOG] SystemI::createSoundInternal             :     exinfo->inclusionlist      = 000001B0B72E61B0
[LOG] SystemI::createSoundInternal             :     exinfo->inclusionlistnum   = 1
[LOG] SystemI::createSoundInternal             :     exinfo->suggestedsoundtype = 5
[LOG] SystemI::createSoundInternal             :     exinfo->initialseekposition = 34375
[LOG] SystemI::createSoundInternal             :     exinfo->initialseekpostype = 1
[LOG] SystemI::createSoundInternal             :     Stream 0/1: name='Walkie Talkie Radio Static _ HQ Sound Effects', format=5, channels=2, frequency=48000, lengthbytes=391328, lengthpcm=2452584, pcmblocksize=0, loopstart=0, loopend=0, mode=0x00000000, channelmask=0x00000000, channelorder=0, peakvolume=0.539459.
[LOG] AsyncThread::threadFunc                  : Finished Asynchronous operation on sound 000001B16DFB5828
[LOG] SoundI::release                          : Walkie Talkie Radio Static _ HQ Sound Effects (000001B0EC5DBD28)
[LOG] SoundI::release                          :     Walkie Talkie Radio Static _ HQ Sound Effects (000001B197DEACE8)
[LOG] SoundI::release                          :     Walkie Talkie Radio Static _ HQ Sound Effects (000001B0EC5DA078)
[LOG] SystemI::createSound                     : filename = ../vimjam2Fmod/Fmod/Pool/Build/Desktop/Master.bank : mode 02010082
[LOG] SystemI::createSound                     : FMOD_NONBLOCKING specified.  Putting into queue to be opened asynchronously!
[LOG] SystemI::createSound                     : setdata soundi = 000001B0EC5DA8E8 : node = 000001B0B2F43B50
[LOG] SystemI::createSound                     : add node to async list : head = 000001B0AD23C958.  list count = 0
[LOG] AsyncThread::threadFunc                  : Starting Asynchronous operation on sound 000001B0EC5DA8E8
[LOG] SystemI::createSoundInternal             :     Create name='../vimjam2Fmod/Fmod/Pool/Build/Desktop/Master.bank', mode=0x02010082
[LOG] SystemI::createSoundInternal             :     exinfo->cbsize             = 224
[LOG] SystemI::createSoundInternal             :     exinfo->length             = 3087232
[LOG] SystemI::createSoundInternal             :     exinfo->fileoffset         = 61728
[LOG] SystemI::createSoundInternal             :     exinfo->numsubsounds       = 1
[LOG] SystemI::createSoundInternal             :     exinfo->inclusionlist      = 000001B0B2F43C60
[LOG] SystemI::createSoundInternal             :     exinfo->inclusionlistnum   = 1
[LOG] SystemI::createSoundInternal             :     exinfo->suggestedsoundtype = 5
[LOG] SystemI::createSoundInternal             :     exinfo->initialseekposition = 34375
[LOG] SystemI::createSoundInternal             :     exinfo->initialseekpostype = 1
[LOG] SystemI::createSoundInternal             :     Stream 0/1: name='Walkie Talkie Radio Static _ HQ Sound Effects', format=5, channels=2, frequency=48000, lengthbytes=391328, lengthpcm=2452584, pcmblocksize=0, loopstart=0, loopend=0, mode=0x00000000, channelmask=0x00000000, channelorder=0, peakvolume=0.539459.
[LOG] AsyncThread::threadFunc                  : Finished Asynchronous operation on sound 000001B0EC5DA8E8
[LOG] SoundI::release                          : Walkie Talkie Radio Static _ HQ Sound Effects (000001B16DFB5828)
[LOG] SoundI::release                          :     Walkie Talkie Radio Static _ HQ Sound Effects (000001B054AF19A8)
[LOG] SoundI::release                          :     Walkie Talkie Radio Static _ HQ Sound Effects (000001B16DFB59D8)
[LOG] SystemI::createSound                     : filename = ../vimjam2Fmod/Fmod/Pool/Build/Desktop/Master.bank : mode 02010082
[LOG] SystemI::createSound                     : FMOD_NONBLOCKING specified.  Putting into queue to be opened asynchronously!
[LOG] SystemI::createSound                     : setdata soundi = 000001B0EC5DA588 : node = 000001B0B72E61E0
[LOG] SystemI::createSound                     : add node to async list : head = 000001B0AD23C958.  list count = 0
[LOG] AsyncThread::threadFunc                  : Starting Asynchronous operation on sound 000001B0EC5DA588
[LOG] SystemI::createSoundInternal             :     Create name='../vimjam2Fmod/Fmod/Pool/Build/Desktop/Master.bank', mode=0x02010082
[LOG] SystemI::createSoundInternal             :     exinfo->cbsize             = 224
[LOG] SystemI::createSoundInternal             :     exinfo->length             = 3087232
[LOG] SystemI::createSoundInternal             :     exinfo->fileoffset         = 61728
[LOG] SystemI::createSoundInternal             :     exinfo->numsubsounds       = 1
[LOG] SystemI::createSoundInternal             :     exinfo->inclusionlist      = 000001B0B72E62F0
[LOG] SystemI::createSoundInternal             :     exinfo->inclusionlistnum   = 1
[LOG] SystemI::createSoundInternal             :     exinfo->suggestedsoundtype = 5
[LOG] SystemI::createSoundInternal             :     exinfo->initialseekposition = 34375
[LOG] SystemI::createSoundInternal             :     exinfo->initialseekpostype = 1
[LOG] SystemI::createSoundInternal             :     Stream 0/1: name='Walkie Talkie Radio Static _ HQ Sound Effects', format=5, channels=2, frequency=48000, lengthbytes=391328, lengthpcm=2452584, pcmblocksize=0, loopstart=0, loopend=0, mode=0x00000000, channelmask=0x00000000, channelorder=0, peakvolume=0.539459.
[LOG] AsyncThread::threadFunc                  : Finished Asynchronous operation on sound 000001B0EC5DA588
[LOG] SoundI::release                          : Walkie Talkie Radio Static _ HQ Sound Effects (000001B0EC5DA8E8)
[LOG] SoundI::release                          :     Walkie Talkie Radio Static _ HQ Sound Effects (000001B0A7793318)
[LOG] SoundI::release                          :     Walkie Talkie Radio Static _ HQ Sound Effects (000001B0EC5DB158)
[LOG] SoundI::release                          : line1 (000001B16DFB39C8)
[LOG] SoundI::release                          :     line1 (000001B196FC0798)
[LOG] SoundI::release                          :     line1 (000001B16DFB5678)
[LOG] SystemI::createSound                     : filename = ../vimjam2Fmod/Fmod/Pool/Build/Desktop/Master.bank : mode 02010082
[LOG] SystemI::createSound                     : FMOD_NONBLOCKING specified.  Putting into queue to be opened asynchronously!
[LOG] SystemI::createSound                     : setdata soundi = 000001B16DFB2588 : node = 000001B0B2F401D0
[LOG] SystemI::createSound                     : add node to async list : head = 000001B0AD23C958.  list count = 0
[LOG] AsyncThread::threadFunc                  : Starting Asynchronous operation on sound 000001B16DFB2588
[LOG] SystemI::createSoundInternal             :     Create name='../vimjam2Fmod/Fmod/Pool/Build/Desktop/Master.bank', mode=0x02010082
[LOG] SystemI::createSoundInternal             :     exinfo->cbsize             = 224
[LOG] SystemI::createSoundInternal             :     exinfo->length             = 3087232
[LOG] SystemI::createSoundInternal             :     exinfo->fileoffset         = 61728
[LOG] SystemI::createSoundInternal             :     exinfo->numsubsounds       = 1
[LOG] SystemI::createSoundInternal             :     exinfo->inclusionlist      = 000001B0B2F402E0
[LOG] SystemI::createSoundInternal             :     exinfo->inclusionlistnum   = 1
[LOG] SystemI::createSoundInternal             :     exinfo->suggestedsoundtype = 5
[LOG] SystemI::createSoundInternal             :     exinfo->initialseekpostype = 1
[LOG] SystemI::createSoundInternal             :     Stream 0/1: name='line2', format=5, channels=2, frequency=48000, lengthbytes=348576, lengthpcm=2014981, pcmblocksize=0, loopstart=0, loopend=0, mode=0x00000000, channelmask=0x00000000, channelorder=0, peakvolume=0.954071.
[LOG] AsyncThread::threadFunc                  : Finished Asynchronous operation on sound 000001B16DFB2588
[LOG] SystemI::createSound                     : filename = ../vimjam2Fmod/Fmod/Pool/Build/Desktop/Master.bank : mode 02010082
[LOG] SystemI::createSound                     : FMOD_NONBLOCKING specified.  Putting into queue to be opened asynchronously!
[LOG] SystemI::createSound                     : setdata soundi = 000001B0EC5DB818 : node = 000001B0B2F42D90
[LOG] SystemI::createSound                     : add node to async list : head = 000001B0AD23C958.  list count = 0
[LOG] AsyncThread::threadFunc                  : Starting Asynchronous operation on sound 000001B0EC5DB818
[LOG] SystemI::createSoundInternal             :     Create name='../vimjam2Fmod/Fmod/Pool/Build/Desktop/Master.bank', mode=0x02010082
[LOG] SystemI::createSoundInternal             :     exinfo->cbsize             = 224
[LOG] SystemI::createSoundInternal             :     exinfo->length             = 3087232
[LOG] SystemI::createSoundInternal             :     exinfo->fileoffset         = 61728
[LOG] SystemI::createSoundInternal             :     exinfo->numsubsounds       = 1
[LOG] SystemI::createSoundInternal             :     exinfo->inclusionlist      = 000001B0B2F42EA0
[LOG] SystemI::createSoundInternal             :     exinfo->inclusionlistnum   = 1
[LOG] SystemI::createSoundInternal             :     exinfo->suggestedsoundtype = 5
[LOG] SystemI::createSoundInternal             :     exinfo->initialseekposition = 34375
[LOG] SystemI::createSoundInternal             :     exinfo->initialseekpostype = 1
[LOG] SystemI::createSoundInternal             :     Stream 0/1: name='Walkie Talkie Radio Static _ HQ Sound Effects', format=5, channels=2, frequency=48000, lengthbytes=391328, lengthpcm=2452584, pcmblocksize=0, loopstart=0, loopend=0, mode=0x00000000, channelmask=0x00000000, channelorder=0, peakvolume=0.539459.
[LOG] AsyncThread::threadFunc                  : Finished Asynchronous operation on sound 000001B0EC5DB818
[LOG] SoundI::release                          : Walkie Talkie Radio Static _ HQ Sound Effects (000001B0EC5DA588)
[LOG] SoundI::release                          :     Walkie Talkie Radio Static _ HQ Sound Effects (000001B054AF1328)
[LOG] SoundI::release                          :     Walkie Talkie Radio Static _ HQ Sound Effects (000001B16DFB5828)
[LOG] SystemI::createSound                     : filename = ../vimjam2Fmod/Fmod/Pool/Build/Desktop/Master.bank : mode 02010082
[LOG] SystemI::createSound                     : FMOD_NONBLOCKING specified.  Putting into queue to be opened asynchronously!
[LOG] SystemI::createSound                     : setdata soundi = 000001B0EC5DADF8 : node = 000001B1978C1350
[LOG] SystemI::createSound                     : add node to async list : head = 000001B0AD23C958.  list count = 0
[LOG] AsyncThread::threadFunc                  : Starting Asynchronous operation on sound 000001B0EC5DADF8
[LOG] SystemI::createSoundInternal             :     Create name='../vimjam2Fmod/Fmod/Pool/Build/Desktop/Master.bank', mode=0x02010082
[LOG] SystemI::createSoundInternal             :     exinfo->cbsize             = 224
[LOG] SystemI::createSoundInternal             :     exinfo->length             = 3087232
[LOG] SystemI::createSoundInternal             :     exinfo->fileoffset         = 61728
[LOG] SystemI::createSoundInternal             :     exinfo->numsubsounds       = 1
[LOG] SystemI::createSoundInternal             :     exinfo->inclusionlist      = 000001B1978C1460
[LOG] SystemI::createSoundInternal             :     exinfo->inclusionlistnum   = 1
[LOG] SystemI::createSoundInternal             :     exinfo->suggestedsoundtype = 5
[LOG] SystemI::createSoundInternal             :     exinfo->initialseekposition = 5333
[LOG] SystemI::createSoundInternal             :     exinfo->initialseekpostype = 1
[LOG] SystemI::createSoundInternal             :     Stream 0/1: name='horrorAmbience', format=5, channels=2, frequency=48000, lengthbytes=1022560, lengthpcm=5890716, pcmblocksize=0, loopstart=0, loopend=0, mode=0x00000000, channelmask=0x00000000, channelorder=0, peakvolume=0.280701.
[LOG] AsyncThread::threadFunc                  : Finished Asynchronous operation on sound 000001B0EC5DADF8
[LOG] SoundI::release                          : horrorAmbience (000001B16DFB4088)
[LOG] SoundI::release                          :     horrorAmbience (000001B196FBFF78)
[LOG] SoundI::release                          :     horrorAmbience (000001B16DFB2DF8)
[LOG] SystemI::createSound                     : filename = ../vimjam2Fmod/Fmod/Pool/Build/Desktop/Master.bank : mode 02010082
[LOG] SystemI::createSound                     : FMOD_NONBLOCKING specified.  Putting into queue to be opened asynchronously!
[LOG] SystemI::createSound                     : setdata soundi = 000001B16DFB5828 : node = 000001B0B4276120
[LOG] SystemI::createSound                     : add node to async list : head = 000001B0AD23C958.  list count = 0
[LOG] AsyncThread::threadFunc                  : Starting Asynchronous operation on sound 000001B16DFB5828
[LOG] SystemI::createSoundInternal             :     Create name='../vimjam2Fmod/Fmod/Pool/Build/Desktop/Master.bank', mode=0x02010082
[LOG] SystemI::createSoundInternal             :     exinfo->cbsize             = 224
[LOG] SystemI::createSoundInternal             :     exinfo->length             = 3087232
[LOG] SystemI::createSoundInternal             :     exinfo->fileoffset         = 61728
[LOG] SystemI::createSoundInternal             :     exinfo->numsubsounds       = 1
[LOG] SystemI::createSoundInternal             :     exinfo->inclusionlist      = 000001B0B4276230
[LOG] SystemI::createSoundInternal             :     exinfo->inclusionlistnum   = 1
[LOG] SystemI::createSoundInternal             :     exinfo->suggestedsoundtype = 5
[LOG] SystemI::createSoundInternal             :     exinfo->initialseekposition = 34375
[LOG] SystemI::createSoundInternal             :     exinfo->initialseekpostype = 1
[LOG] SystemI::createSoundInternal             :     Stream 0/1: name='Walkie Talkie Radio Static _ HQ Sound Effects', format=5, channels=2, frequency=48000, lengthbytes=391328, lengthpcm=2452584, pcmblocksize=0, loopstart=0, loopend=0, mode=0x00000000, channelmask=0x00000000, channelorder=0, peakvolume=0.539459.
[LOG] AsyncThread::threadFunc                  : Finished Asynchronous operation on sound 000001B16DFB5828
[LOG] SoundI::release                          : Walkie Talkie Radio Static _ HQ Sound Effects (000001B0EC5DB818)
[LOG] SoundI::release                          :     Walkie Talkie Radio Static _ HQ Sound Effects (000001B0A7793B38)
[LOG] SoundI::release                          :     Walkie Talkie Radio Static _ HQ Sound Effects (000001B0EC5DA8E8)
[LOG] SystemI::createSound                     : filename = ../vimjam2Fmod/Fmod/Pool/Build/Desktop/Master.bank : mode 02010082
[LOG] SystemI::createSound                     : FMOD_NONBLOCKING specified.  Putting into queue to be opened asynchronously!
[LOG] SystemI::createSound                     : setdata soundi = 000001B16DFB5B88 : node = 000001B0B72E6320
[LOG] SystemI::createSound                     : add node to async list : head = 000001B0AD23C958.  list count = 0
[LOG] AsyncThread::threadFunc                  : Starting Asynchronous operation on sound 000001B16DFB5B88
[LOG] SystemI::createSoundInternal             :     Create name='../vimjam2Fmod/Fmod/Pool/Build/Desktop/Master.bank', mode=0x02010082
[LOG] SystemI::createSoundInternal             :     exinfo->cbsize             = 224
[LOG] SystemI::createSoundInternal             :     exinfo->length             = 3087232
[LOG] SystemI::createSoundInternal             :     exinfo->fileoffset         = 61728
[LOG] SystemI::createSoundInternal             :     exinfo->numsubsounds       = 1
[LOG] SystemI::createSoundInternal             :     exinfo->inclusionlist      = 000001B0B72E6430
[LOG] SystemI::createSoundInternal             :     exinfo->inclusionlistnum   = 1
[LOG] SystemI::createSoundInternal             :     exinfo->suggestedsoundtype = 5
[LOG] SystemI::createSoundInternal             :     exinfo->initialseekposition = 34375
[LOG] SystemI::createSoundInternal             :     exinfo->initialseekpostype = 1
[LOG] SystemI::createSoundInternal             :     Stream 0/1: name='Walkie Talkie Radio Static _ HQ Sound Effects', format=5, channels=2, frequency=48000, lengthbytes=391328, lengthpcm=2452584, pcmblocksize=0, loopstart=0, loopend=0, mode=0x00000000, channelmask=0x00000000, channelorder=0, peakvolume=0.539459.
[LOG] AsyncThread::threadFunc                  : Finished Asynchronous operation on sound 000001B16DFB5B88
[LOG] SoundI::release                          : Walkie Talkie Radio Static _ HQ Sound Effects (000001B16DFB5828)
[LOG] SoundI::release                          :     Walkie Talkie Radio Static _ HQ Sound Effects (000001B197DEACE8)
[LOG] SoundI::release                          :     Walkie Talkie Radio Static _ HQ Sound Effects (000001B16DFB59D8)
[LOG] SystemI::createSound                     : filename = ../vimjam2Fmod/Fmod/Pool/Build/Desktop/Master.bank : mode 02010082
[LOG] SystemI::createSound                     : FMOD_NONBLOCKING specified.  Putting into queue to be opened asynchronously!
[LOG] SystemI::createSound                     : setdata soundi = 000001B16DFB3818 : node = 000001B0B42769E0
[LOG] SystemI::createSound                     : add node to async list : head = 000001B0AD23C958.  list count = 0
[LOG] AsyncThread::threadFunc                  : Starting Asynchronous operation on sound 000001B16DFB3818
[LOG] SystemI::createSoundInternal             :     Create name='../vimjam2Fmod/Fmod/Pool/Build/Desktop/Master.bank', mode=0x02010082
[LOG] SystemI::createSoundInternal             :     exinfo->cbsize             = 224
[LOG] SystemI::createSoundInternal             :     exinfo->length             = 3087232
[LOG] SystemI::createSoundInternal             :     exinfo->fileoffset         = 61728
[LOG] SystemI::createSoundInternal             :     exinfo->numsubsounds       = 1
[LOG] SystemI::createSoundInternal             :     exinfo->inclusionlist      = 000001B0B4276AF0
[LOG] SystemI::createSoundInternal             :     exinfo->inclusionlistnum   = 1
[LOG] SystemI::createSoundInternal             :     exinfo->suggestedsoundtype = 5
[LOG] SystemI::createSoundInternal             :     exinfo->initialseekposition = 34375
[LOG] SystemI::createSoundInternal             :     exinfo->initialseekpostype = 1
[LOG] SystemI::createSoundInternal             :     Stream 0/1: name='Walkie Talkie Radio Static _ HQ Sound Effects', format=5, channels=2, frequency=48000, lengthbytes=391328, lengthpcm=2452584, pcmblocksize=0, loopstart=0, loopend=0, mode=0x00000000, channelmask=0x00000000, channelorder=0, peakvolume=0.539459.
[LOG] AsyncThread::threadFunc                  : Finished Asynchronous operation on sound 000001B16DFB3818
[LOG] SoundI::release                          : Walkie Talkie Radio Static _ HQ Sound Effects (000001B16DFB5B88)
[LOG] SoundI::release                          :     Walkie Talkie Radio Static _ HQ Sound Effects (000001B196FC0118)
[LOG] SoundI::release                          :     Walkie Talkie Radio Static _ HQ Sound Effects (000001B16DFB3668)
[LOG] SystemI::createSound                     : filename = ../vimjam2Fmod/Fmod/Pool/Build/Desktop/Master.bank : mode 02010082
[LOG] SystemI::createSound                     : FMOD_NONBLOCKING specified.  Putting into queue to be opened asynchronously!
[LOG] SystemI::createSound                     : setdata soundi = 000001B16DFB5B88 : node = 000001B0B2F41710
[LOG] SystemI::createSound                     : add node to async list : head = 000001B0AD23C958.  list count = 0
[LOG] AsyncThread::threadFunc                  : Starting Asynchronous operation on sound 000001B16DFB5B88
[LOG] SystemI::createSoundInternal             :     Create name='../vimjam2Fmod/Fmod/Pool/Build/Desktop/Master.bank', mode=0x02010082
[LOG] SystemI::createSoundInternal             :     exinfo->cbsize             = 224
[LOG] SystemI::createSoundInternal             :     exinfo->length             = 3087232
[LOG] SystemI::createSoundInternal             :     exinfo->fileoffset         = 61728
[LOG] SystemI::createSoundInternal             :     exinfo->numsubsounds       = 1
[LOG] SystemI::createSoundInternal             :     exinfo->inclusionlist      = 000001B0B2F41820
[LOG] SystemI::createSoundInternal             :     exinfo->inclusionlistnum   = 1
[LOG] SystemI::createSoundInternal             :     exinfo->suggestedsoundtype = 5
[LOG] SystemI::createSoundInternal             :     exinfo->initialseekposition = 34375
[LOG] SystemI::createSoundInternal             :     exinfo->initialseekpostype = 1
[LOG] SystemI::createSoundInternal             :     Stream 0/1: name='Walkie Talkie Radio Static _ HQ Sound Effects', format=5, channels=2, frequency=48000, lengthbytes=391328, lengthpcm=2452584, pcmblocksize=0, loopstart=0, loopend=0, mode=0x00000000, channelmask=0x00000000, channelorder=0, peakvolume=0.539459.
[LOG] AsyncThread::threadFunc                  : Finished Asynchronous operation on sound 000001B16DFB5B88
[LOG] SoundI::release                          : Walkie Talkie Radio Static _ HQ Sound Effects (000001B16DFB3818)
[LOG] SoundI::release                          :     Walkie Talkie Radio Static _ HQ Sound Effects (000001B196FBF5B8)
[LOG] SoundI::release                          :     Walkie Talkie Radio Static _ HQ Sound Effects (000001B16DFB2DF8)
[LOG] AsyncThread::threadFunc                  : Starting Asynchronous operation on sound 000001B16DFB2738
[LOG] AsyncThread::threadFunc                  : Finished Asynchronous operation on sound 000001B16DFB2738
[LOG] AsyncThread::threadFunc                  : Starting Asynchronous operation on sound 000001B16DFB34B8
[LOG] AsyncThread::threadFunc                  : Finished Asynchronous operation on sound 000001B16DFB34B8
[LOG] SystemI::createSound                     : filename = ../vimjam2Fmod/Fmod/Pool/Build/Desktop/Master.bank : mode 02010082
[LOG] SystemI::createSound                     : FMOD_NONBLOCKING specified.  Putting into queue to be opened asynchronously!
[LOG] SystemI::createSound                     : setdata soundi = 000001B16DFB4088 : node = 000001B0B72E66E0
[LOG] SystemI::createSound                     : add node to async list : head = 000001B0AD23C958.  list count = 0
[LOG] AsyncThread::threadFunc                  : Starting Asynchronous operation on sound 000001B16DFB4088
[LOG] SystemI::createSoundInternal             :     Create name='../vimjam2Fmod/Fmod/Pool/Build/Desktop/Master.bank', mode=0x02010082
[LOG] SystemI::createSoundInternal             :     exinfo->cbsize             = 224
[LOG] SystemI::createSoundInternal             :     exinfo->length             = 3087232
[LOG] SystemI::createSoundInternal             :     exinfo->fileoffset         = 61728
[LOG] SystemI::createSoundInternal             :     exinfo->numsubsounds       = 1
[LOG] SystemI::createSoundInternal             :     exinfo->inclusionlist      = 000001B0B72E67F0
[LOG] SystemI::createSoundInternal             :     exinfo->inclusionlistnum   = 1
[LOG] SystemI::createSoundInternal             :     exinfo->suggestedsoundtype = 5
[LOG] SystemI::createSoundInternal             :     exinfo->initialseekposition = 34375
[LOG] SystemI::createSoundInternal             :     exinfo->initialseekpostype = 1
[LOG] SystemI::createSoundInternal             :     Stream 0/1: name='Walkie Talkie Radio Static _ HQ Sound Effects', format=5, channels=2, frequency=48000, lengthbytes=391328, lengthpcm=2452584, pcmblocksize=0, loopstart=0, loopend=0, mode=0x00000000, channelmask=0x00000000, channelorder=0, peakvolume=0.539459.
[LOG] AsyncThread::threadFunc                  : Finished Asynchronous operation on sound 000001B16DFB4088
[LOG] SoundI::release                          : Walkie Talkie Radio Static _ HQ Sound Effects (000001B16DFB5B88)
[LOG] SoundI::release                          :     Walkie Talkie Radio Static _ HQ Sound Effects (000001B197DEACE8)
[LOG] SoundI::release                          :     Walkie Talkie Radio Static _ HQ Sound Effects (000001B16DFB34B8)
[LOG] AsyncThread::threadFunc                  : Starting Asynchronous operation on sound 000001B16DFB2738
[LOG] AsyncThread::threadFunc                  : Finished Asynchronous operation on sound 000001B16DFB2738
[LOG] AsyncThread::threadFunc                  : Starting Asynchronous operation on sound 000001B16DFB3668
[LOG] AsyncThread::threadFunc                  : Finished Asynchronous operation on sound 000001B16DFB3668
[LOG] SystemI::createSound                     : filename = ../vimjam2Fmod/Fmod/Pool/Build/Desktop/Master.bank : mode 02010082
[LOG] SystemI::createSound                     : FMOD_NONBLOCKING specified.  Putting into queue to be opened asynchronously!
[LOG] SystemI::createSound                     : setdata soundi = 000001B16DFB5828 : node = 000001B0B72E6320
[LOG] SystemI::createSound                     : add node to async list : head = 000001B0AD23C958.  list count = 0
[LOG] AsyncThread::threadFunc                  : Starting Asynchronous operation on sound 000001B16DFB5828
[LOG] SystemI::createSoundInternal             :     Create name='../vimjam2Fmod/Fmod/Pool/Build/Desktop/Master.bank', mode=0x02010082
[LOG] SystemI::createSoundInternal             :     exinfo->cbsize             = 224
[LOG] SystemI::createSoundInternal             :     exinfo->length             = 3087232
[LOG] SystemI::createSoundInternal             :     exinfo->fileoffset         = 61728
[LOG] SystemI::createSoundInternal             :     exinfo->numsubsounds       = 1
[LOG] SystemI::createSoundInternal             :     exinfo->inclusionlist      = 000001B0B72E6430
[LOG] SystemI::createSoundInternal             :     exinfo->inclusionlistnum   = 1
[LOG] SystemI::createSoundInternal             :     exinfo->suggestedsoundtype = 5
[LOG] SystemI::createSoundInternal             :     exinfo->initialseekposition = 5333
[LOG] SystemI::createSoundInternal             :     exinfo->initialseekpostype = 1
[LOG] SystemI::createSoundInternal             :     Stream 0/1: name='horrorAmbience', format=5, channels=2, frequency=48000, lengthbytes=1022560, lengthpcm=5890716, pcmblocksize=0, loopstart=0, loopend=0, mode=0x00000000, channelmask=0x00000000, channelorder=0, peakvolume=0.280701.
[LOG] AsyncThread::threadFunc                  : Finished Asynchronous operation on sound 000001B16DFB5828
[LOG] SoundI::release                          : horrorAmbience (000001B0EC5DADF8)
[LOG] SoundI::release                          :     horrorAmbience (000001B196FBEBF8)
[LOG] SoundI::release                          :     horrorAmbience (000001B0EC5DB158)
[LOG] SystemI::createSound                     : filename = ../vimjam2Fmod/Fmod/Pool/Build/Desktop/Master.bank : mode 02010082
[LOG] SystemI::createSound                     : FMOD_NONBLOCKING specified.  Putting into queue to be opened asynchronously!
[LOG] SystemI::createSound                     : setdata soundi = 000001B16DFB5B88 : node = 000001B1AB1AC650
[LOG] SystemI::createSound                     : add node to async list : head = 000001B0AD23C958.  list count = 0
[LOG] AsyncThread::threadFunc                  : Starting Asynchronous operation on sound 000001B16DFB5B88
[LOG] SystemI::createSoundInternal             :     Create name='../vimjam2Fmod/Fmod/Pool/Build/Desktop/Master.bank', mode=0x02010082
[LOG] SystemI::createSoundInternal             :     exinfo->cbsize             = 224
[LOG] SystemI::createSoundInternal             :     exinfo->length             = 3087232
[LOG] SystemI::createSoundInternal             :     exinfo->fileoffset         = 61728
[LOG] SystemI::createSoundInternal             :     exinfo->numsubsounds       = 1
[LOG] SystemI::createSoundInternal             :     exinfo->inclusionlist      = 000001B1AB1AC760
[LOG] SystemI::createSoundInternal             :     exinfo->inclusionlistnum   = 1
[LOG] SystemI::createSoundInternal             :     exinfo->suggestedsoundtype = 5
[LOG] SystemI::createSoundInternal             :     exinfo->initialseekposition = 34375
[LOG] SystemI::createSoundInternal             :     exinfo->initialseekpostype = 1
[LOG] SystemI::createSoundInternal             :     Stream 0/1: name='Walkie Talkie Radio Static _ HQ Sound Effects', format=5, channels=2, frequency=48000, lengthbytes=391328, lengthpcm=2452584, pcmblocksize=0, loopstart=0, loopend=0, mode=0x00000000, channelmask=0x00000000, channelorder=0, peakvolume=0.539459.
[LOG] AsyncThread::threadFunc                  : Finished Asynchronous operation on sound 000001B16DFB5B88
[LOG] SoundI::release                          : Walkie Talkie Radio Static _ HQ Sound Effects (000001B16DFB4088)
[LOG] SoundI::release                          :     Walkie Talkie Radio Static _ HQ Sound Effects (000001B196FBEF38)
[LOG] SoundI::release                          :     Walkie Talkie Radio Static _ HQ Sound Effects (000001B16DFB3668)
[LOG] AsyncThread::threadFunc                  : Starting Asynchronous operation on sound 000001B16DFB2738
[LOG] AsyncThread::threadFunc                  : Finished Asynchronous operation on sound 000001B16DFB2738
[LOG] AsyncThread::threadFunc                  : Starting Asynchronous operation on sound 000001B0EC5DB818
[LOG] AsyncThread::threadFunc                  : Finished Asynchronous operation on sound 000001B0EC5DB818
[LOG] SystemI::createSound                     : filename = ../vimjam2Fmod/Fmod/Pool/Build/Desktop/Master.bank : mode 02010082
[LOG] SystemI::createSound                     : FMOD_NONBLOCKING specified.  Putting into queue to be opened asynchronously!
[LOG] SystemI::createSound                     : setdata soundi = 000001B0EC5DA078 : node = 000001B0B2F42610
[LOG] SystemI::createSound                     : add node to async list : head = 000001B0AD23C958.  list count = 0
[LOG] AsyncThread::threadFunc                  : Starting Asynchronous operation on sound 000001B0EC5DA078
[LOG] SystemI::createSoundInternal             :     Create name='../vimjam2Fmod/Fmod/Pool/Build/Desktop/Master.bank', mode=0x02010082
[LOG] SystemI::createSoundInternal             :     exinfo->cbsize             = 224
[LOG] SystemI::createSoundInternal             :     exinfo->length             = 3087232
[LOG] SystemI::createSoundInternal             :     exinfo->fileoffset         = 61728
[LOG] SystemI::createSoundInternal             :     exinfo->numsubsounds       = 1
[LOG] SystemI::createSoundInternal             :     exinfo->inclusionlist      = 000001B0B2F42720
[LOG] SystemI::createSoundInternal             :     exinfo->inclusionlistnum   = 1
[LOG] SystemI::createSoundInternal             :     exinfo->suggestedsoundtype = 5
[LOG] SystemI::createSoundInternal             :     exinfo->initialseekposition = 34375
[LOG] SystemI::createSoundInternal             :     exinfo->initialseekpostype = 1
[LOG] SystemI::createSoundInternal             :     Stream 0/1: name='Walkie Talkie Radio Static _ HQ Sound Effects', format=5, channels=2, frequency=48000, lengthbytes=391328, lengthpcm=2452584, pcmblocksize=0, loopstart=0, loopend=0, mode=0x00000000, channelmask=0x00000000, channelorder=0, peakvolume=0.539459.
[LOG] AsyncThread::threadFunc                  : Finished Asynchronous operation on sound 000001B0EC5DA078
[LOG] SoundI::release                          : Walkie Talkie Radio Static _ HQ Sound Effects (000001B16DFB5B88)
[LOG] SoundI::release                          :     Walkie Talkie Radio Static _ HQ Sound Effects (000001B054AF14C8)
[LOG] SoundI::release                          :     Walkie Talkie Radio Static _ HQ Sound Effects (000001B0EC5DB818)
[LOG] SystemI::createSound                     : filename = ../vimjam2Fmod/Fmod/Pool/Build/Desktop/Master.bank : mode 02010082
[LOG] SystemI::createSound                     : FMOD_NONBLOCKING specified.  Putting into queue to be opened asynchronously!
[LOG] SystemI::createSound                     : setdata soundi = 000001B0EC5DB158 : node = 000001B0B72E60A0
[LOG] SystemI::createSound                     : add node to async list : head = 000001B0AD23C958.  list count = 0
[LOG] AsyncThread::threadFunc                  : Starting Asynchronous operation on sound 000001B0EC5DB158
[LOG] SystemI::createSoundInternal             :     Create name='../vimjam2Fmod/Fmod/Pool/Build/Desktop/Master.bank', mode=0x02010082
[LOG] SystemI::createSoundInternal             :     exinfo->cbsize             = 224
[LOG] SystemI::createSoundInternal             :     exinfo->length             = 3087232
[LOG] SystemI::createSoundInternal             :     exinfo->fileoffset         = 61728
[LOG] SystemI::createSoundInternal             :     exinfo->numsubsounds       = 1
[LOG] SystemI::createSoundInternal             :     exinfo->inclusionlist      = 000001B0B72E61B0
[LOG] SystemI::createSoundInternal             :     exinfo->inclusionlistnum   = 1
[LOG] SystemI::createSoundInternal             :     exinfo->suggestedsoundtype = 5
[LOG] SystemI::createSoundInternal             :     exinfo->initialseekposition = 34375
[LOG] SystemI::createSoundInternal             :     exinfo->initialseekpostype = 1
[LOG] SystemI::createSoundInternal             :     Stream 0/1: name='Walkie Talkie Radio Static _ HQ Sound Effects', format=5, channels=2, frequency=48000, lengthbytes=391328, lengthpcm=2452584, pcmblocksize=0, loopstart=0, loopend=0, mode=0x00000000, channelmask=0x00000000, channelorder=0, peakvolume=0.539459.
[LOG] AsyncThread::threadFunc                  : Finished Asynchronous operation on sound 000001B0EC5DB158
[LOG] SoundI::release                          : Walkie Talkie Radio Static _ HQ Sound Effects (000001B0EC5DA078)
[LOG] SoundI::release                          :     Walkie Talkie Radio Static _ HQ Sound Effects (000001B054AF1808)
[LOG] SoundI::release                          :     Walkie Talkie Radio Static _ HQ Sound Effects (000001B0EC5DA588)
[LOG] SystemI::createSound                     : filename = ../vimjam2Fmod/Fmod/Pool/Build/Desktop/Master.bank : mode 02010082
[LOG] SystemI::createSound                     : FMOD_NONBLOCKING specified.  Putting into queue to be opened asynchronously!
[LOG] SystemI::createSound                     : setdata soundi = 000001B16DFB34B8 : node = 000001B0B72E6460
[LOG] SystemI::createSound                     : add node to async list : head = 000001B0AD23C958.  list count = 0
[LOG] AsyncThread::threadFunc                  : Starting Asynchronous operation on sound 000001B16DFB34B8
[LOG] SystemI::createSoundInternal             :     Create name='../vimjam2Fmod/Fmod/Pool/Build/Desktop/Master.bank', mode=0x02010082
[LOG] SystemI::createSoundInternal             :     exinfo->cbsize             = 224
[LOG] SystemI::createSoundInternal             :     exinfo->length             = 3087232
[LOG] SystemI::createSoundInternal             :     exinfo->fileoffset         = 61728
[LOG] SystemI::createSoundInternal             :     exinfo->numsubsounds       = 1
[LOG] SystemI::createSoundInternal             :     exinfo->inclusionlist      = 000001B0B72E6570
[LOG] SystemI::createSoundInternal             :     exinfo->inclusionlistnum   = 1
[LOG] SystemI::createSoundInternal             :     exinfo->suggestedsoundtype = 5
[LOG] SystemI::createSoundInternal             :     exinfo->initialseekposition = 34375
[LOG] SystemI::createSoundInternal             :     exinfo->initialseekpostype = 1
[LOG] SystemI::createSoundInternal             :     Stream 0/1: name='Walkie Talkie Radio Static _ HQ Sound Effects', format=5, channels=2, frequency=48000, lengthbytes=391328, lengthpcm=2452584, pcmblocksize=0, loopstart=0, loopend=0, mode=0x00000000, channelmask=0x00000000, channelorder=0, peakvolume=0.539459.
[LOG] AsyncThread::threadFunc                  : Finished Asynchronous operation on sound 000001B16DFB34B8
[LOG] SoundI::release                          : Walkie Talkie Radio Static _ HQ Sound Effects (000001B0EC5DB158)
[LOG] SoundI::release                          :     Walkie Talkie Radio Static _ HQ Sound Effects (000001B0A7793B38)
[LOG] SoundI::release                          :     Walkie Talkie Radio Static _ HQ Sound Effects (000001B0EC5DB818)
[LOG] SystemI::createSound                     : filename = ../vimjam2Fmod/Fmod/Pool/Build/Desktop/Master.bank : mode 02010082
[LOG] SystemI::createSound                     : FMOD_NONBLOCKING specified.  Putting into queue to be opened asynchronously!
[LOG] SystemI::createSound                     : setdata soundi = 000001B16DFB5B88 : node = 000001B1AB1ACC90
[LOG] SystemI::createSound                     : add node to async list : head = 000001B0AD23C958.  list count = 0
[LOG] AsyncThread::threadFunc                  : Starting Asynchronous operation on sound 000001B16DFB5B88
[LOG] SystemI::createSoundInternal             :     Create name='../vimjam2Fmod/Fmod/Pool/Build/Desktop/Master.bank', mode=0x02010082
[LOG] SystemI::createSoundInternal             :     exinfo->cbsize             = 224
[LOG] SystemI::createSoundInternal             :     exinfo->length             = 3087232
[LOG] SystemI::createSoundInternal             :     exinfo->fileoffset         = 61728
[LOG] SystemI::createSoundInternal             :     exinfo->numsubsounds       = 1
[LOG] SystemI::createSoundInternal             :     exinfo->inclusionlist      = 000001B1AB1ACDA0
[LOG] SystemI::createSoundInternal             :     exinfo->inclusionlistnum   = 1
[LOG] SystemI::createSoundInternal             :     exinfo->suggestedsoundtype = 5
[LOG] SystemI::createSoundInternal             :     exinfo->initialseekposition = 34375
[LOG] SystemI::createSoundInternal             :     exinfo->initialseekpostype = 1
[LOG] SystemI::createSoundInternal             :     Stream 0/1: name='Walkie Talkie Radio Static _ HQ Sound Effects', format=5, channels=2, frequency=48000, lengthbytes=391328, lengthpcm=2452584, pcmblocksize=0, loopstart=0, loopend=0, mode=0x00000000, channelmask=0x00000000, channelorder=0, peakvolume=0.539459.
[LOG] AsyncThread::threadFunc                  : Finished Asynchronous operation on sound 000001B16DFB5B88
[LOG] SoundI::release                          : Walkie Talkie Radio Static _ HQ Sound Effects (000001B16DFB34B8)
[LOG] SoundI::release                          :     Walkie Talkie Radio Static _ HQ Sound Effects (000001B15047F468)
[LOG] SoundI::release                          :     Walkie Talkie Radio Static _ HQ Sound Effects (000001B16DFB3668)
[LOG] AsyncThread::threadFunc                  : Starting Asynchronous operation on sound 000001B16DFB2738
[LOG] AsyncThread::threadFunc                  : Finished Asynchronous operation on sound 000001B16DFB2738
[LOG] AsyncThread::threadFunc                  : Starting Asynchronous operation on sound 000001B0EC5DA8E8
[LOG] AsyncThread::threadFunc                  : Finished Asynchronous operation on sound 000001B0EC5DA8E8
[LOG] SoundI::release                          : line2 (000001B16DFB2588)
[LOG] SoundI::release                          :     line2 (000001B0A7793998)
[LOG] SoundI::release                          :     line2 (000001B16DFB2738)
[LOG] SystemI::createSound                     : filename = ../vimjam2Fmod/Fmod/Pool/Build/Desktop/Master.bank : mode 02010082
[LOG] SystemI::createSound                     : FMOD_NONBLOCKING specified.  Putting into queue to be opened asynchronously!
[LOG] SystemI::createSound                     : setdata soundi = 000001B0EC5DB158 : node = 000001B1AB1AD050
[LOG] SystemI::createSound                     : add node to async list : head = 000001B0AD23C958.  list count = 0
[LOG] AsyncThread::threadFunc                  : Starting Asynchronous operation on sound 000001B0EC5DB158
[LOG] SystemI::createSoundInternal             :     Create name='../vimjam2Fmod/Fmod/Pool/Build/Desktop/Master.bank', mode=0x02010082
[LOG] SystemI::createSoundInternal             :     exinfo->cbsize             = 224
[LOG] SystemI::createSoundInternal             :     exinfo->length             = 3087232
[LOG] SystemI::createSoundInternal             :     exinfo->fileoffset         = 61728
[LOG] SystemI::createSoundInternal             :     exinfo->numsubsounds       = 1
[LOG] SystemI::createSoundInternal             :     exinfo->inclusionlist      = 000001B1AB1AD160
[LOG] SystemI::createSoundInternal             :     exinfo->inclusionlistnum   = 1
[LOG] SystemI::createSoundInternal             :     exinfo->suggestedsoundtype = 5
[LOG] SystemI::createSoundInternal             :     exinfo->initialseekposition = 34375
[LOG] SystemI::createSoundInternal             :     exinfo->initialseekpostype = 1
[LOG] SystemI::createSoundInternal             :     Stream 0/1: name='Walkie Talkie Radio Static _ HQ Sound Effects', format=5, channels=2, frequency=48000, lengthbytes=391328, lengthpcm=2452584, pcmblocksize=0, loopstart=0, loopend=0, mode=0x00000000, channelmask=0x00000000, channelorder=0, peakvolume=0.539459.
[LOG] AsyncThread::threadFunc                  : Finished Asynchronous operation on sound 000001B0EC5DB158
[LOG] SystemI::createSound                     : filename = ../vimjam2Fmod/Fmod/Pool/Build/Desktop/Master.bank : mode 02010082
[LOG] SystemI::createSound                     : FMOD_NONBLOCKING specified.  Putting into queue to be opened asynchronously!
[LOG] SystemI::createSound                     : setdata soundi = 000001B0EC5DA588 : node = 000001B0B2F40950
[LOG] SystemI::createSound                     : add node to async list : head = 000001B0AD23C958.  list count = 0
[LOG] AsyncThread::threadFunc                  : Starting Asynchronous operation on sound 000001B0EC5DA588
[LOG] SystemI::createSoundInternal             :     Create name='../vimjam2Fmod/Fmod/Pool/Build/Desktop/Master.bank', mode=0x02010082
[LOG] SystemI::createSoundInternal             :     exinfo->cbsize             = 224
[LOG] SystemI::createSoundInternal             :     exinfo->length             = 3087232
[LOG] SystemI::createSoundInternal             :     exinfo->fileoffset         = 61728
[LOG] SystemI::createSoundInternal             :     exinfo->numsubsounds       = 1
[LOG] SystemI::createSoundInternal             :     exinfo->inclusionlist      = 000001B0B2F40A60
[LOG] SystemI::createSoundInternal             :     exinfo->inclusionlistnum   = 1
[LOG] SystemI::createSound                     :     filename = ../vimjam2Fmod/Fmod/Pool/Build/Desktop/Master.bank : mode 02010082
[LOG] SystemI::createSoundInternal             :     exinfo->suggestedsoundtype = 5
[LOG] SystemI::createSound                     :     FMOD_NONBLOCKING specified.  Putting into queue to be opened asynchronously!
[LOG] SystemI::createSoundInternal             :     exinfo->initialseekposition = 5333
[LOG] SystemI::createSound                     :     setdata soundi = 000001B16DFB5678 : node = 000001B0B2F44050
[LOG] SystemI::createSoundInternal             :     exinfo->initialseekpostype = 1
[LOG] SystemI::createSound                     :     add node to async list : head = 000001B0AD23C958.  list count = 0
[LOG] SystemI::createSoundInternal             :     Stream 0/1: name='horrorAmbience', format=5, channels=2, frequency=48000, lengthbytes=1022560, lengthpcm=5890716, pcmblocksize=0, loopstart=0, loopend=0, mode=0x00000000, channelmask=0x00000000, channelorder=0, peakvolume=0.280701.
[LOG] AsyncThread::threadFunc                  : Finished Asynchronous operation on sound 000001B0EC5DA588
[LOG] AsyncThread::threadFunc                  : Starting Asynchronous operation on sound 000001B16DFB5678
[LOG] SystemI::createSoundInternal             :     Create name='../vimjam2Fmod/Fmod/Pool/Build/Desktop/Master.bank', mode=0x02010082
[LOG] SystemI::createSoundInternal             :     exinfo->cbsize             = 224
[LOG] SystemI::createSoundInternal             :     exinfo->length             = 3087232
[LOG] SystemI::createSoundInternal             :     exinfo->fileoffset         = 61728
[LOG] SystemI::createSoundInternal             :     exinfo->numsubsounds       = 1
[LOG] SystemI::createSoundInternal             :     exinfo->inclusionlist      = 000001B0B2F44160
[LOG] SystemI::createSoundInternal             :     exinfo->inclusionlistnum   = 1
[LOG] SystemI::createSoundInternal             :     exinfo->suggestedsoundtype = 5
[LOG] SystemI::createSoundInternal             :     exinfo->initialseekpostype = 1
[LOG] SystemI::createSoundInternal             :     Stream 0/1: name='line3', format=5, channels=2, frequency=48000, lengthbytes=104096, lengthpcm=578037, pcmblocksize=0, loopstart=0, loopend=0, mode=0x00000000, channelmask=0x00000000, channelorder=0, peakvolume=0.954865.
[LOG] AsyncThread::threadFunc                  : Finished Asynchronous operation on sound 000001B16DFB5678
[LOG] SoundI::release                          : Walkie Talkie Radio Static _ HQ Sound Effects (000001B16DFB5B88)
[LOG] SoundI::release                          :     Walkie Talkie Radio Static _ HQ Sound Effects (000001B15047F7A8)
[LOG] SoundI::release                          :     Walkie Talkie Radio Static _ HQ Sound Effects (000001B0EC5DA8E8)
[LOG] SoundI::release                          : horrorAmbience (000001B16DFB5828)
[LOG] SoundI::release                          :     horrorAmbience (000001B196FC3ED8)
[LOG] SoundI::release                          :     horrorAmbience (000001B16DFB39C8)
[LOG] SystemI::createSound                     : filename = ../vimjam2Fmod/Fmod/Pool/Build/Desktop/Master.bank : mode 02010082
[LOG] SystemI::createSound                     : FMOD_NONBLOCKING specified.  Putting into queue to be opened asynchronously!
[LOG] SystemI::createSound                     : setdata soundi = 000001B16DFB2738 : node = 000001B16203FDF0
[LOG] SystemI::createSound                     : add node to async list : head = 000001B0AD23C958.  list count = 0
[LOG] AsyncThread::threadFunc                  : Starting Asynchronous operation on sound 000001B16DFB2738
[LOG] SystemI::createSoundInternal             :     Create name='../vimjam2Fmod/Fmod/Pool/Build/Desktop/Master.bank', mode=0x02010082
[LOG] SystemI::createSoundInternal             :     exinfo->cbsize             = 224
[LOG] SystemI::createSoundInternal             :     exinfo->length             = 3087232
[LOG] SystemI::createSoundInternal             :     exinfo->fileoffset         = 61728
[LOG] SystemI::createSoundInternal             :     exinfo->numsubsounds       = 1
[LOG] SystemI::createSoundInternal             :     exinfo->inclusionlist      = 000001B16203FF00
[LOG] SystemI::createSoundInternal             :     exinfo->inclusionlistnum   = 1
[LOG] SystemI::createSoundInternal             :     exinfo->suggestedsoundtype = 5
[LOG] SystemI::createSoundInternal             :     exinfo->initialseekposition = 34375
[LOG] SystemI::createSoundInternal             :     exinfo->initialseekpostype = 1
[LOG] SystemI::createSoundInternal             :     Stream 0/1: name='Walkie Talkie Radio Static _ HQ Sound Effects', format=5, channels=2, frequency=48000, lengthbytes=391328, lengthpcm=2452584, pcmblocksize=0, loopstart=0, loopend=0, mode=0x00000000, channelmask=0x00000000, channelorder=0, peakvolume=0.539459.
[LOG] AsyncThread::threadFunc                  : Finished Asynchronous operation on sound 000001B16DFB2738
[LOG] SoundI::release                          : Walkie Talkie Radio Static _ HQ Sound Effects (000001B0EC5DB158)
[LOG] SoundI::release                          :     Walkie Talkie Radio Static _ HQ Sound Effects (000001B197DEACE8)
[LOG] SoundI::release                          :     Walkie Talkie Radio Static _ HQ Sound Effects (000001B0EC5DB818)
[LOG] AsyncThread::threadFunc                  : Starting Asynchronous operation on sound 000001B16DFB59D8
[LOG] AsyncThread::threadFunc                  : Finished Asynchronous operation on sound 000001B16DFB59D8
[LOG] AsyncThread::threadFunc                  : Starting Asynchronous operation on sound 000001B16DFB2DF8
[LOG] AsyncThread::threadFunc                  : Finished Asynchronous operation on sound 000001B16DFB2DF8
[LOG] SystemI::createSound                     : filename = ../vimjam2Fmod/Fmod/Pool/Build/Desktop/Master.bank : mode 02010082
[LOG] SystemI::createSound                     : FMOD_NONBLOCKING specified.  Putting into queue to be opened asynchronously!
[LOG] SystemI::createSound                     : setdata soundi = 000001B16DFB39C8 : node = 000001B1AB1AC790
[LOG] SystemI::createSound                     : add node to async list : head = 000001B0AD23C958.  list count = 0
[LOG] AsyncThread::threadFunc                  : Starting Asynchronous operation on sound 000001B16DFB39C8
[LOG] SystemI::createSoundInternal             :     Create name='../vimjam2Fmod/Fmod/Pool/Build/Desktop/Master.bank', mode=0x02010082
[LOG] SystemI::createSoundInternal             :     exinfo->cbsize             = 224
[LOG] SystemI::createSoundInternal             :     exinfo->length             = 3087232
[LOG] SystemI::createSoundInternal             :     exinfo->fileoffset         = 61728
[LOG] SystemI::createSoundInternal             :     exinfo->numsubsounds       = 1
[LOG] SystemI::createSoundInternal             :     exinfo->inclusionlist      = 000001B1AB1AC8A0
[LOG] SystemI::createSoundInternal             :     exinfo->inclusionlistnum   = 1
[LOG] SystemI::createSoundInternal             :     exinfo->suggestedsoundtype = 5
[LOG] SystemI::createSoundInternal             :     exinfo->initialseekposition = 34375
[LOG] SystemI::createSoundInternal             :     exinfo->initialseekpostype = 1
[LOG] SystemI::createSoundInternal             :     Stream 0/1: name='Walkie Talkie Radio Static _ HQ Sound Effects', format=5, channels=2, frequency=48000, lengthbytes=391328, lengthpcm=2452584, pcmblocksize=0, loopstart=0, loopend=0, mode=0x00000000, channelmask=0x00000000, channelorder=0, peakvolume=0.539459.
[LOG] AsyncThread::threadFunc                  : Finished Asynchronous operation on sound 000001B16DFB39C8
[LOG] SoundI::release                          : Walkie Talkie Radio Static _ HQ Sound Effects (000001B16DFB2738)
[LOG] SoundI::release                          :     Walkie Talkie Radio Static _ HQ Sound Effects (000001B196FC1CB8)
[LOG] SoundI::release                          :     Walkie Talkie Radio Static _ HQ Sound Effects (000001B16DFB2DF8)
[LOG] SoundI::release                          :  (000001B161CFEC18)
[LOG] SoundI::release                          :     doorLocked (000001B054AF1188)
[LOG] SoundI::release                          :  (000001B1CC8D1798)
[LOG] SoundI::release                          :     dooropen (000001B15047EDE8)
[LOG] SoundI::release                          :  (000001B1CC8D1628)
[LOG] SoundI::release                          :     flashlight (000001B15047F2C8)
[LOG] SoundI::release                          :  (000001B14F015038)
[LOG] SoundI::release                          :     Concrete1 (000001B197DEA328)
[LOG] SoundI::release                          :  (000001B14F014348)
[LOG] SoundI::release                          :     Concrete2 (000001B197DEAB48)
[LOG] SoundI::release                          :  (000001B14F014EC8)
[LOG] SoundI::release                          :     Concrete3 (000001B197DEA808)
[LOG] SoundI::release                          :  (000001B14F014D58)
[LOG] SoundI::release                          :     Concrete4 (000001B197DEA9A8)
[LOG] SoundI::release                          :  (000001B14F014A78)
[LOG] SoundI::release                          :     Concrete5 (000001B197DEAE88)
[LOG] SoundI::release                          :  (000001B1CC8D1348)
[LOG] SoundI::release                          :     horrortransition (000001B15047EF88)
[LOG] SoundI::release                          :  (000001B1CC8D0C18)
[LOG] SoundI::release                          :     line4 (000001B1503598A8)
[LOG] SoundI::release                          :  (000001B1CC8D04E8)
[LOG] SoundI::release                          :     line7 (000001B150359A48)
[LOG] SoundI::release                          :  (000001B1CC8D0938)
[LOG] SoundI::release                          :     line12 (000001B150359088)
[LOG] SoundI::release                          :  (000001B1CC8D1068)
[LOG] SoundI::release                          :     line8 (000001B162A14448)
[LOG] SoundI::release                          :  (000001B1CC8D0AA8)
[LOG] SoundI::release                          :     line9 (000001B054AD4288)
[LOG] SoundI::release                          : Walkie Talkie Radio Static _ HQ Sound Effects (000001B16DFB39C8)
[LOG] SoundI::release                          :     Walkie Talkie Radio Static _ HQ Sound Effects (000001B196FBFF78)
[LOG] SoundI::release                          :     Walkie Talkie Radio Static _ HQ Sound Effects (000001B16DFB3818)
[LOG] SoundI::release                          : line3 (000001B16DFB5678)
[LOG] SoundI::release                          :     line3 (000001B0B104BE28)
[LOG] SoundI::release                          :     line3 (000001B16DFB59D8)
[LOG] SoundI::release                          : horrorAmbience (000001B0EC5DA588)
[LOG] SoundI::release                          :     horrorAmbience (000001B197DEB028)
[LOG] SoundI::release                          :     horrorAmbience (000001B16DFB2588)
[LOG] SoundI::release                          :  (000001B1CC8D11D8)
[LOG] SoundI::release                          :     line10 (000001B15047F128)
[LOG] SoundI::release                          :  (000001B1CC8D1D58)
[LOG] SoundI::release                          :     line11 (000001B162A142A8)
[LOG] SoundI::release                          :  (000001B1CC8D14B8)
[LOG] SoundI::release                          :     eyes in the water 2 (000001B054AD3F48)
[LOG] SoundI::release                          :  (000001B1CC8D0D88)
[LOG] SoundI::release                          :     eurobeat (000001B162A14928)
[LOG] SoundI::release                          :  (000001B1CC8D21A8)
[LOG] SoundI::release                          :     rhodes (000001B054AD40E8)
[LOG] SoundI::release                          :  (000001B1CC8D0658)
[LOG] SoundI::release                          :     eyes in the water 3 (000001B150359568)
[LOG] SoundI::release                          :  (000001B1CC8D1A78)
[LOG] SoundI::release                          :     randomSong (000001B1503593C8)
[LOG] SoundI::release                          :  (000001B1CC8D2038)
[LOG] SoundI::release                          :     eyes in the water 1 (000001B162A145E8)
[LOG] Thread::callback                         : FMOD Studio update thread finished.
[LOG] Thread::callback                         : FMOD Studio bank load thread finished.
[LOG] Profile::disconnectAll                   : Profiler disconnecting all clients
[LOG] Thread::callback                         : FMOD Studio sample load thread finished.
[LOG] LiveUpdate::release                      : 
[LOG] LiveUpdate::reset                        : Reset connection (reason Disconnected)
[LOG] Thread::callback                         : FMOD stream thread finished.
[LOG] Thread::callback                         : FMOD mixer thread finished.
[LOG] Profile::disconnectAll                   : Profiler disconnecting all clients
[LOG] SystemI::close                           : Closed.
